2023-03-24T18:16:29.196+05:30  INFO 41460 --- [restartedMain] c.example.userservice.DemoApplication    : Starting DemoApplication using Java 17.0.4.1 with PID 41460 (C:\Users\coolm\Videos\demo\target\classes started by coolm in C:\Users\coolm\Videos\demo)
2023-03-24T18:16:29.196+05:30  INFO 41460 --- [restartedMain] c.example.userservice.DemoApplication    : No active profile set, falling back to 1 default profile: "default"
2023-03-24T18:16:29.505+05:30  INFO 41460 --- [restartedMain] .s.d.r.c.RepositoryConfigurationDelegate : Bootstrapping Spring Data JPA repositories in DEFAULT mode.
2023-03-24T18:16:29.511+05:30  INFO 41460 --- [restartedMain] .s.d.r.c.RepositoryConfigurationDelegate : Finished Spring Data repository scanning in 5 ms. Found 1 JPA repository interfaces.
2023-03-24T18:16:29.582+05:30  INFO 41460 --- [restartedMain] o.s.b.w.embedded.tomcat.TomcatWebServer  : Tomcat initialized with port(s): 8080 (http)
2023-03-24T18:16:29.582+05:30  INFO 41460 --- [restartedMain] o.apache.catalina.core.StandardService   : Starting service [Tomcat]
2023-03-24T18:16:29.583+05:30  INFO 41460 --- [restartedMain] o.apache.catalina.core.StandardEngine    : Starting Servlet engine: [Apache Tomcat/10.1.5]
2023-03-24T18:16:29.594+05:30  INFO 41460 --- [restartedMain] o.a.c.c.C.[Tomcat].[localhost].[/]       : Initializing Spring embedded WebApplicationContext
2023-03-24T18:16:29.595+05:30  INFO 41460 --- [restartedMain] w.s.c.ServletWebServerApplicationContext : Root WebApplicationContext: initialization completed in 396 ms
2023-03-24T18:16:29.614+05:30  INFO 41460 --- [restartedMain] com.zaxxer.hikari.HikariDataSource       : HikariPool-2 - Starting...
2023-03-24T18:16:29.642+05:30  INFO 41460 --- [restartedMain] com.zaxxer.hikari.pool.HikariPool        : HikariPool-2 - Added connection com.mysql.cj.jdbc.ConnectionImpl@7f4ddc3e
2023-03-24T18:16:29.642+05:30  INFO 41460 --- [restartedMain] com.zaxxer.hikari.HikariDataSource       : HikariPool-2 - Start completed.
2023-03-24T18:16:29.643+05:30  INFO 41460 --- [restartedMain] o.s.b.a.h2.H2ConsoleAutoConfiguration    : H2 console available at '/h2-console'. Database available at 'jdbc:mysql://localhost:3306/library'
2023-03-24T18:16:29.669+05:30  INFO 41460 --- [restartedMain] o.hibernate.jpa.internal.util.LogHelper  : HHH000204: Processing PersistenceUnitInfo [name: default]
2023-03-24T18:16:29.679+05:30  INFO 41460 --- [restartedMain] SQL dialect                              : HHH000400: Using dialect: org.hibernate.dialect.MariaDBDialect
2023-03-24T18:16:29.735+05:30  INFO 41460 --- [restartedMain] o.h.e.t.j.p.i.JtaPlatformInitiator       : HHH000490: Using JtaPlatform implementation: [org.hibernate.engine.transaction.jta.platform.internal.NoJtaPlatform]
2023-03-24T18:16:29.736+05:30  INFO 41460 --- [restartedMain] j.LocalContainerEntityManagerFactoryBean : Initialized JPA EntityManagerFactory for persistence unit 'default'
2023-03-24T18:16:29.790+05:30  WARN 41460 --- [restartedMain] JpaBaseConfiguration$JpaWebConfiguration : spring.jpa.open-in-view is enabled by default. Therefore, database queries may be performed during view rendering. Explicitly configure spring.jpa.open-in-view to disable this warning
2023-03-24T18:16:29.914+05:30  WARN 41460 --- [restartedMain] o.s.b.d.a.OptionalLiveReloadServer       : Unable to start LiveReload server
2023-03-24T18:16:29.917+05:30  INFO 41460 --- [restartedMain] o.s.b.a.e.web.EndpointLinksResolver      : Exposing 14 endpoint(s) beneath base path '/actuator'
2023-03-24T18:16:29.933+05:30  INFO 41460 --- [restartedMain] o.s.b.w.embedded.tomcat.TomcatWebServer  : Tomcat started on port(s): 8080 (http) with context path ''
2023-03-24T18:16:29.939+05:30  INFO 41460 --- [restartedMain] c.example.userservice.DemoApplication    : Started DemoApplication in 0.796 seconds (process running for 3001.395)
2023-03-24T18:16:29.944+05:30  INFO 41460 --- [restartedMain] .ConditionEvaluationDeltaLoggingListener : Condition evaluation delta:


==========================
CONDITION EVALUATION DELTA
==========================


Positive matches:
-----------------

   LogFileWebEndpointAutoConfiguration#logFileWebEndpoint matched:
      - Log File found logging.file.name logs-library-admin.log (LogFileWebEndpointAutoConfiguration.LogFileCondition)
      - @ConditionalOnMissingBean (types: org.springframework.boot.actuate.logging.LogFileWebEndpoint; SearchStrategy: all) did not find any beans (OnBeanCondition)


Negative matches:
-----------------

    None


Exclusions:
-----------

    None


Unconditional classes:
----------------------

    None



2023-03-24T18:16:42.501+05:30  INFO 41460 --- [File Watcher] rtingClassPathChangeChangedEventListener : Restarting due to 1 class path change (0 additions, 0 deletions, 1 modification)
2023-03-24T18:16:42.517+05:30  INFO 41460 --- [Thread-5] o.apache.catalina.core.StandardService   : Stopping service [Tomcat]
2023-03-24T18:16:42.520+05:30  INFO 41460 --- [Thread-5] j.LocalContainerEntityManagerFactoryBean : Closing JPA EntityManagerFactory for persistence unit 'default'
2023-03-24T18:16:42.521+05:30  INFO 41460 --- [Thread-5] .SchemaDropperImpl$DelayedDropActionImpl : HHH000477: Starting delayed evictData of schema as part of SessionFactory shut-down'
2023-03-24T18:16:42.532+05:30  INFO 41460 --- [Thread-5] com.zaxxer.hikari.HikariDataSource       : HikariPool-2 - Shutdown initiated...
2023-03-24T18:16:42.535+05:30  INFO 41460 --- [Thread-5] com.zaxxer.hikari.HikariDataSource       : HikariPool-2 - Shutdown completed.
2023-03-24T18:16:42.587+05:30  INFO 41460 --- [restartedMain] c.example.userservice.DemoApplication    : Starting DemoApplication using Java 17.0.4.1 with PID 41460 (C:\Users\coolm\Videos\demo\target\classes started by coolm in C:\Users\coolm\Videos\demo)
2023-03-24T18:16:42.587+05:30  INFO 41460 --- [restartedMain] c.example.userservice.DemoApplication    : No active profile set, falling back to 1 default profile: "default"
2023-03-24T18:16:42.750+05:30  INFO 41460 --- [restartedMain] .s.d.r.c.RepositoryConfigurationDelegate : Bootstrapping Spring Data JPA repositories in DEFAULT mode.
2023-03-24T18:16:42.755+05:30  INFO 41460 --- [restartedMain] .s.d.r.c.RepositoryConfigurationDelegate : Finished Spring Data repository scanning in 4 ms. Found 1 JPA repository interfaces.
2023-03-24T18:16:42.801+05:30  INFO 41460 --- [restartedMain] o.s.b.w.embedded.tomcat.TomcatWebServer  : Tomcat initialized with port(s): 8080 (http)
2023-03-24T18:16:42.801+05:30  INFO 41460 --- [restartedMain] o.apache.catalina.core.StandardService   : Starting service [Tomcat]
2023-03-24T18:16:42.801+05:30  INFO 41460 --- [restartedMain] o.apache.catalina.core.StandardEngine    : Starting Servlet engine: [Apache Tomcat/10.1.5]
2023-03-24T18:16:42.814+05:30  INFO 41460 --- [restartedMain] o.a.c.c.C.[Tomcat].[localhost].[/]       : Initializing Spring embedded WebApplicationContext
2023-03-24T18:16:42.814+05:30  INFO 41460 --- [restartedMain] w.s.c.ServletWebServerApplicationContext : Root WebApplicationContext: initialization completed in 226 ms
2023-03-24T18:16:42.831+05:30  INFO 41460 --- [restartedMain] com.zaxxer.hikari.HikariDataSource       : HikariPool-3 - Starting...
2023-03-24T18:16:42.841+05:30  INFO 41460 --- [restartedMain] com.zaxxer.hikari.pool.HikariPool        : HikariPool-3 - Added connection com.mysql.cj.jdbc.ConnectionImpl@48c7c6af
2023-03-24T18:16:42.841+05:30  INFO 41460 --- [restartedMain] com.zaxxer.hikari.HikariDataSource       : HikariPool-3 - Start completed.
2023-03-24T18:16:42.841+05:30  INFO 41460 --- [restartedMain] o.s.b.a.h2.H2ConsoleAutoConfiguration    : H2 console available at '/h2-console'. Database available at 'jdbc:mysql://localhost:3306/library'
2023-03-24T18:16:42.863+05:30  INFO 41460 --- [restartedMain] o.hibernate.jpa.internal.util.LogHelper  : HHH000204: Processing PersistenceUnitInfo [name: default]
2023-03-24T18:16:42.868+05:30  INFO 41460 --- [restartedMain] SQL dialect                              : HHH000400: Using dialect: org.hibernate.dialect.MariaDBDialect
2023-03-24T18:16:42.900+05:30  INFO 41460 --- [restartedMain] o.h.e.t.j.p.i.JtaPlatformInitiator       : HHH000490: Using JtaPlatform implementation: [org.hibernate.engine.transaction.jta.platform.internal.NoJtaPlatform]
2023-03-24T18:16:42.901+05:30  INFO 41460 --- [restartedMain] j.LocalContainerEntityManagerFactoryBean : Initialized JPA EntityManagerFactory for persistence unit 'default'
2023-03-24T18:16:42.932+05:30  WARN 41460 --- [restartedMain] JpaBaseConfiguration$JpaWebConfiguration : spring.jpa.open-in-view is enabled by default. Therefore, database queries may be performed during view rendering. Explicitly configure spring.jpa.open-in-view to disable this warning
2023-03-24T18:16:43.025+05:30  WARN 41460 --- [restartedMain] o.s.b.d.a.OptionalLiveReloadServer       : Unable to start LiveReload server
2023-03-24T18:16:43.027+05:30  INFO 41460 --- [restartedMain] o.s.b.a.e.web.EndpointLinksResolver      : Exposing 14 endpoint(s) beneath base path '/actuator'
2023-03-24T18:16:43.044+05:30  INFO 41460 --- [restartedMain] o.s.b.w.embedded.tomcat.TomcatWebServer  : Tomcat started on port(s): 8080 (http) with context path ''
2023-03-24T18:16:43.051+05:30  INFO 41460 --- [restartedMain] c.example.userservice.DemoApplication    : Started DemoApplication in 0.48 seconds (process running for 3014.507)
2023-03-24T18:16:43.053+05:30  INFO 41460 --- [restartedMain] .ConditionEvaluationDeltaLoggingListener : Condition evaluation unchanged
2023-03-24T18:18:39.860+05:30  INFO 41460 --- [File Watcher] rtingClassPathChangeChangedEventListener : Restarting due to 1 class path change (0 additions, 0 deletions, 1 modification)
2023-03-24T18:18:39.878+05:30  INFO 41460 --- [Thread-9] o.apache.catalina.core.StandardService   : Stopping service [Tomcat]
2023-03-24T18:18:39.881+05:30  INFO 41460 --- [Thread-9] j.LocalContainerEntityManagerFactoryBean : Closing JPA EntityManagerFactory for persistence unit 'default'
2023-03-24T18:18:39.881+05:30  INFO 41460 --- [Thread-9] .SchemaDropperImpl$DelayedDropActionImpl : HHH000477: Starting delayed evictData of schema as part of SessionFactory shut-down'
2023-03-24T18:18:39.892+05:30  INFO 41460 --- [Thread-9] com.zaxxer.hikari.HikariDataSource       : HikariPool-3 - Shutdown initiated...
2023-03-24T18:18:39.896+05:30  INFO 41460 --- [Thread-9] com.zaxxer.hikari.HikariDataSource       : HikariPool-3 - Shutdown completed.
